<CreamPropertiesDefinition>
	<property name="" title="" type="" />
</CreamPropertiesDefinition>